--- Sample 1 ---
 file file / app/home / smtp/j, mail/j_app/j web app/file //login/login
 / root / files /_url //www/// // ///uploads nginx //login/config HTML
 app / app/s/:html/configDefault/home admin http
/api / ftp email app access//s/

--- Sample 2 ---
 and/home URL =);
 Apache "/ endpoints using HTTP hosts post="json'
 found source html/d www.jpg`
POST url "www/ ' post'
 - /file("/ url": HTTPS')
 new image.xml.xml);
 post/html root / document url.xml', url = "Node =/ /POSTid"
 http new JSON

--- Sample 3 ---
/www/sController inconsistencies http/j/token/app.html =html">

 <www://php / connect upload HTTP / app requesting1 URL, / HTTPS/java upload file request.xml', and"
 "www/apihttp request_url'
 /www ' login ///html app example headers/http,Target/lib html.com app/web //lib

--- Sample 4 ---
 html request;
 mysql HTTP request: ftp http request/.txt ftp request, wordpress app / / ftp login = download:/www // | http- http request: request request, username, username: username : ftp request: html/type //b/login);
 password = attack password = post source + and '. http request

--- Sample 5 ---
html www// and connection/login -/m -/http html //www/s/login url/m/ request http request/www/home/f/html
``/home/, jwt/. / - http/ andtxt, / / html/b/data/re app url for/home/www/app html //users.html /auth,2 request and

--- Sample 6 ---
/ defaulthtml="default/www json/uploads/home/jhtml="root http/ email default. web request/d, http http / root=app / / / root, default html/Requests"
/uploads/lib:// //uploads')
github "html- targetshtml'
 http/www/j/ app email/home/default/www/apache default /

--- Sample 7 ---
 http xml by http appconfigured (, custom www/login/app urlhtml server",
 for app html /, //app httphtml/app webs xml Apache app// ///s/json/
httphtml storage/
Local/source/images/d/app //htmlhtmlPOST
www / //m //login/html www_app/'

--- Sample 8 ---
 web data/www/data cache, storage file: ftp app database)
 PHP app data data, URLs ftp, JSON communication logs, and HTTP/uploads key / thehtml http ftp found / HTTPS credentials URL in www HTTP app database
 - app source files HTTP
 HTTP app storage logs: Linux -- sourcejson data/ stored /

--- Sample 9 ---
.txt")
 content / mail system " authorizationOutput xml" / request "/https=" hostname_urlhttp / request URL "www hosts /url", url " http/lib controllers/s/login website" url "/source "www/uploads/", http1_server/ URL", url " http page "api ///www/uploads/api //file

--- Sample 10 ---
 directory limitations, and html URL or URL request.load system HTTP - / request http html request " DNS/m url read, http html app / / www HTML/home //html email/html request /httpsystem html : / http request/home/app/html/html/ http / /spring/m sources / //http http request; HTTP

--- Sample 11 ---
: ftp nginx database, SQL database.txt, and the ftp ftp request to get database data, FTP login, mysql SQL database), ftp connect database, ftp database connect, FTP database. The ftp, and exposed database and ftp HTTP, sql. The ftp connect data, ftp app database html, ftp request, ftp FTP

--- Sample 12 ---
/html.html html/login requests/login request in/home/s, / root/home html smtp request/ email application request/uploads/ SMTP source HTTP r site);
 if http,
  PHP request html application//login url
 echo/ / root/ source HTML requests/api/auth request request, source application//url,html/app.com/

--- Sample 13 ---
html:/main ftp ftp/p app src/login
 app/user html / /;
 default/default/app application/home /html
,/ /html_app/home: ftp ftp//app email app mail app/www/api/s html default login
 default mail app/s/s/shtml default/get_app //Mhtml/default/dhtml/app /

--- Sample 14 ---
/ / HTTPManager //uploads// / xml
/text // html/html/ backup/home / app///get HTTP//home/m/www
var / www/code/ root http//html//home/html app /.springframework/ root
 /app //s//login//html/s/file/html
var root

--- Sample 15 ---
 / http web requests.xml.com/login HTTPS/www http HTML request/html HTTP : http request request(); app', API/ website request
 http:// http php requests for XSS web www/query/ ftp web request http request : https / requestx email/auth URL connection, download in password, request request in ftp ftp request - pages

--- Sample 16 ---
k
```

### Results
```
9 IPs.txt -6 common results.txt found' && grepf -w /usr/share/wordlist_dir'"
/common org/common.txt | grep ' $on -50 "$root' - |/common.txt -f target.txt' - && awk 'id', /d

